2019-09-03 20:47:09,244 - obtaining_domain_dns.py[line:190] - INFO: 开始解析任务：f0a7e780-ce48-11e9-b1b7-acde48001122-1/1的域名的DNS记录
2019-09-03 20:47:15,785 - obtaining_domain_dns.py[line:221] - INFO: 结束解析任务：f0a7e780-ce48-11e9-b1b7-acde48001122-1/1的域名的DNS记录
2019-09-03 20:48:21,237 - obtaining_domain_dns.py[line:190] - INFO: 开始解析任务：1b92d91e-ce49-11e9-ae88-acde48001122-1/1的域名的DNS记录
2019-09-03 20:48:23,773 - obtaining_domain_dns.py[line:221] - INFO: 结束解析任务：1b92d91e-ce49-11e9-ae88-acde48001122-1/1的域名的DNS记录
2019-09-03 20:48:29,168 - obtaining_domain_dns.py[line:190] - INFO: 开始解析任务：204d295c-ce49-11e9-a7c4-acde48001122-1/1的域名的DNS记录
2019-09-03 20:48:29,597 - obtaining_domain_dns.py[line:221] - INFO: 结束解析任务：204d295c-ce49-11e9-a7c4-acde48001122-1/1的域名的DNS记录
2019-09-03 20:48:32,864 - obtaining_domain_dns.py[line:190] - INFO: 开始解析任务：22812733-ce49-11e9-8865-acde48001122-1/1的域名的DNS记录
2019-09-03 20:48:36,418 - obtaining_domain_dns.py[line:221] - INFO: 结束解析任务：22812733-ce49-11e9-8865-acde48001122-1/1的域名的DNS记录
2019-09-03 20:53:51,304 - obtaining_domain_dns.py[line:190] - INFO: 开始解析任务：e04ebdd9-ce49-11e9-8f91-acde48001122-1/1的域名的DNS记录
2019-09-03 20:53:51,884 - obtaining_domain_dns.py[line:221] - INFO: 结束解析任务：e04ebdd9-ce49-11e9-8f91-acde48001122-1/1的域名的DNS记录
2019-09-03 20:58:14,593 - obtaining_domain_dns.py[line:190] - INFO: 开始解析任务：519c19b8-ce4a-11e9-9496-acde48001122-1/1的域名的DNS记录
2019-09-03 20:58:15,031 - obtaining_domain_dns.py[line:221] - INFO: 结束解析任务：519c19b8-ce4a-11e9-9496-acde48001122-1/1的域名的DNS记录
2019-09-03 20:58:15,038 - obtaining_domain_dns.py[line:190] - INFO: 开始解析任务：5481e37d-ce4a-11e9-aec2-acde48001122-1/1的域名的DNS记录
2019-09-03 20:58:15,452 - obtaining_domain_dns.py[line:221] - INFO: 结束解析任务：5481e37d-ce4a-11e9-aec2-acde48001122-1/1的域名的DNS记录
2019-09-03 20:58:15,459 - obtaining_domain_dns.py[line:190] - INFO: 开始解析任务：5991cd00-ce4a-11e9-b39f-acde48001122-1/1的域名的DNS记录
2019-09-03 20:58:16,044 - obtaining_domain_dns.py[line:221] - INFO: 结束解析任务：5991cd00-ce4a-11e9-b39f-acde48001122-1/1的域名的DNS记录
2019-09-03 20:58:16,054 - obtaining_domain_dns.py[line:190] - INFO: 开始解析任务：6ac93754-ce4a-11e9-99d5-acde48001122-1/1的域名的DNS记录
2019-09-03 20:58:17,588 - obtaining_domain_dns.py[line:221] - INFO: 结束解析任务：6ac93754-ce4a-11e9-99d5-acde48001122-1/1的域名的DNS记录
2019-09-03 20:58:17,596 - obtaining_domain_dns.py[line:190] - INFO: 开始解析任务：6d41800f-ce4a-11e9-b299-acde48001122-1/1的域名的DNS记录
2019-09-03 20:58:23,036 - obtaining_domain_dns.py[line:221] - INFO: 结束解析任务：6d41800f-ce4a-11e9-b299-acde48001122-1/1的域名的DNS记录
2019-09-03 20:58:23,046 - obtaining_domain_dns.py[line:190] - INFO: 开始解析任务：6f97eb21-ce4a-11e9-ab27-acde48001122-1/1的域名的DNS记录
2019-09-03 20:58:23,593 - obtaining_domain_dns.py[line:221] - INFO: 结束解析任务：6f97eb21-ce4a-11e9-ab27-acde48001122-1/1的域名的DNS记录
2019-09-03 20:58:23,604 - obtaining_domain_dns.py[line:190] - INFO: 开始解析任务：75688c6e-ce4a-11e9-9a42-acde48001122-1/1的域名的DNS记录
2019-09-03 20:58:24,190 - obtaining_domain_dns.py[line:221] - INFO: 结束解析任务：75688c6e-ce4a-11e9-9a42-acde48001122-1/1的域名的DNS记录
2019-09-03 20:58:24,201 - obtaining_domain_dns.py[line:190] - INFO: 开始解析任务：7d3a1a70-ce4a-11e9-bb8f-acde48001122-1/1的域名的DNS记录
2019-09-03 20:58:26,716 - obtaining_domain_dns.py[line:221] - INFO: 结束解析任务：7d3a1a70-ce4a-11e9-bb8f-acde48001122-1/1的域名的DNS记录
2019-09-03 21:19:41,213 - obtaining_domain_dns.py[line:196] - INFO: 开始解析任务：7c20dfa3-ce4d-11e9-9094-acde48001122-1/1的域名的NS记录
2019-09-03 21:19:43,625 - obtaining_domain_dns.py[line:222] - INFO: 结束解析任务：7c20dfa3-ce4d-11e9-9094-acde48001122-1/1的域名的DNS记录
2019-09-03 21:19:47,639 - obtaining_domain_dns.py[line:196] - INFO: 开始解析任务：7ff54d40-ce4d-11e9-8488-acde48001122-1/1的域名的NS记录
2019-09-03 21:19:48,128 - obtaining_domain_dns.py[line:222] - INFO: 结束解析任务：7ff54d40-ce4d-11e9-8488-acde48001122-1/1的域名的DNS记录
2019-09-03 21:20:08,172 - obtaining_domain_dns.py[line:196] - INFO: 开始解析任务：8c322f61-ce4d-11e9-bce1-acde48001122-1/1的域名的NS记录
2019-09-03 21:20:08,663 - obtaining_domain_dns.py[line:222] - INFO: 结束解析任务：8c322f61-ce4d-11e9-bce1-acde48001122-1/1的域名的DNS记录
2019-09-03 21:23:55,296 - obtaining_domain_dns.py[line:196] - INFO: 开始解析任务：1374c026-ce4e-11e9-81c5-acde48001122-1/1的域名的NS记录
2019-09-03 21:25:16,847 - obtaining_domain_dns.py[line:222] - INFO: 结束解析任务：1374c026-ce4e-11e9-81c5-acde48001122-1/1的域名的DNS记录
2019-09-03 21:27:30,059 - obtaining_domain_dns.py[line:196] - INFO: 开始解析任务：9391ed94-ce4e-11e9-9451-acde48001122-1/1的域名的NS记录
2019-09-03 21:27:52,632 - obtaining_domain_dns.py[line:222] - INFO: 结束解析任务：9391ed94-ce4e-11e9-9451-acde48001122-1/1的域名的DNS记录
2019-09-03 21:28:13,212 - obtaining_domain_dns.py[line:196] - INFO: 开始解析任务：ad49da30-ce4e-11e9-8a2b-acde48001122-1/1的域名的NS记录
2019-09-03 21:29:03,231 - obtaining_domain_dns.py[line:222] - INFO: 结束解析任务：ad49da30-ce4e-11e9-8a2b-acde48001122-1/1的域名的DNS记录
2019-09-03 22:22:04,756 - obtaining_domain_dns.py[line:197] - INFO: 开始解析任务：3368f5eb-ce56-11e9-9b76-acde48001122-1/1的域名的NS记录
2019-09-03 22:22:35,931 - obtaining_domain_dns.py[line:223] - INFO: 结束解析任务：3368f5eb-ce56-11e9-9b76-acde48001122-1/1的域名的DNS记录
2019-09-04 14:31:00,661 - obtaining_domain_dns.py[line:197] - INFO: 开始解析任务：8f2107a6-cedd-11e9-ba9c-acde48001122-1/1的域名的NS记录
2019-09-04 14:31:43,203 - obtaining_domain_dns.py[line:223] - INFO: 结束解析任务：8f2107a6-cedd-11e9-ba9c-acde48001122-1/1的域名的DNS记录
2019-09-04 14:47:32,844 - obtaining_domain_dns.py[line:197] - INFO: 开始解析任务：de5e4551-cedf-11e9-85e8-acde48001122-1/1的域名的NS记录
2019-09-04 14:47:33,979 - obtaining_domain_dns.py[line:223] - INFO: 结束解析任务：de5e4551-cedf-11e9-85e8-acde48001122-1/1的域名的DNS记录
2019-09-04 14:52:03,907 - obtaining_domain_dns.py[line:206] - INFO: 开始解析任务：80112d19-cee0-11e9-8f54-acde48001122-1/1的域名的NS记录
2019-09-04 14:52:06,458 - obtaining_domain_dns.py[line:232] - INFO: 结束解析任务：80112d19-cee0-11e9-8f54-acde48001122-1/1的域名的DNS记录
2019-09-04 14:54:06,242 - obtaining_domain_dns.py[line:193] - INFO: 开始解析任务：c8db9fee-cee0-11e9-a6e2-acde48001122-1/1的域名的NS记录
2019-09-04 14:54:06,795 - obtaining_domain_dns.py[line:219] - INFO: 结束解析任务：c8db9fee-cee0-11e9-a6e2-acde48001122-1/1的域名的DNS记录
2019-09-04 14:54:24,298 - obtaining_domain_dns.py[line:194] - INFO: 开始解析任务：d39450de-cee0-11e9-bf7f-acde48001122-1/1的域名的NS记录
2019-09-04 14:54:24,882 - obtaining_domain_dns.py[line:220] - INFO: 结束解析任务：d39450de-cee0-11e9-bf7f-acde48001122-1/1的域名的DNS记录
2019-09-04 14:55:25,404 - obtaining_domain_dns.py[line:194] - INFO: 开始解析任务：f8339ec2-cee0-11e9-93e4-acde48001122-1/1的域名的NS记录
2019-09-04 14:55:26,537 - obtaining_domain_dns.py[line:220] - INFO: 结束解析任务：f8339ec2-cee0-11e9-93e4-acde48001122-1/1的域名的DNS记录
2019-09-04 15:04:38,699 - obtaining_domain_dns.py[line:194] - INFO: 开始解析任务：41fe0b17-cee2-11e9-b164-acde48001122-1/1的域名的NS记录
2019-09-04 15:04:43,236 - obtaining_domain_dns.py[line:220] - INFO: 结束解析任务：41fe0b17-cee2-11e9-b164-acde48001122-1/1的域名的DNS记录
2019-09-04 15:05:08,211 - obtaining_domain_dns.py[line:194] - INFO: 开始解析任务：53966ca6-cee2-11e9-9c82-acde48001122-1/1的域名的NS记录
2019-09-04 15:05:11,028 - obtaining_domain_dns.py[line:220] - INFO: 结束解析任务：53966ca6-cee2-11e9-9c82-acde48001122-1/1的域名的DNS记录
2019-09-04 15:11:53,963 - obtaining_domain_dns.py[line:194] - INFO: 开始解析任务：45450ad1-cee3-11e9-9694-acde48001122-1/1的域名的NS记录
2019-09-04 15:11:57,470 - obtaining_domain_dns.py[line:220] - INFO: 结束解析任务：45450ad1-cee3-11e9-9694-acde48001122-1/1的域名的DNS记录
2019-09-04 15:12:30,921 - obtaining_domain_dns.py[line:195] - INFO: 开始解析任务：5b6e0a14-cee3-11e9-9129-acde48001122-1/1的域名的NS记录
2019-09-04 15:12:37,463 - obtaining_domain_dns.py[line:221] - INFO: 结束解析任务：5b6e0a14-cee3-11e9-9129-acde48001122-1/1的域名的DNS记录
2019-09-04 15:13:13,544 - obtaining_domain_dns.py[line:196] - INFO: 开始解析任务：74d66bf5-cee3-11e9-92be-acde48001122-1/1的域名的NS记录
2019-09-04 15:13:16,282 - obtaining_domain_dns.py[line:222] - INFO: 结束解析任务：74d66bf5-cee3-11e9-92be-acde48001122-1/1的域名的DNS记录
2019-09-04 15:19:16,404 - obtaining_domain_dns.py[line:198] - INFO: 开始解析任务：4d21768f-cee4-11e9-9ad8-acde48001122-1/1的域名的NS记录
2019-09-04 15:19:17,465 - obtaining_domain_dns.py[line:224] - INFO: 结束解析任务：4d21768f-cee4-11e9-9ad8-acde48001122-1/1的域名的DNS记录
